[debug] [2024-01-26T11:09:41.080Z] ----------------------------------------------------------------------
[debug] [2024-01-26T11:09:41.083Z] Command:       E:\node\node.exe C:\Users\HP\AppData\Roaming\npm\node_modules\firebase-tools\lib\bin\firebase.js init
[debug] [2024-01-26T11:09:41.084Z] CLI Version:   13.1.0
[debug] [2024-01-26T11:09:41.084Z] Platform:      win32
[debug] [2024-01-26T11:09:41.084Z] Node Version:  v20.9.0
[debug] [2024-01-26T11:09:41.084Z] Time:          Fri Jan 26 2024 16:39:41 GMT+0530 (India Standard Time)
[debug] [2024-01-26T11:09:41.084Z] ----------------------------------------------------------------------
[debug] 
[debug] [2024-01-26T11:09:41.091Z] > command requires scopes: ["email","openid","https://www.googleapis.com/auth/cloudplatformprojects.readonly","https://www.googleapis.com/auth/firebase","https://www.googleapis.com/auth/cloud-platform"]
[debug] [2024-01-26T11:09:41.091Z] > authorizing via signed-in user (premghanghas2004@gmail.com)
[info] 
     ######## #### ########  ######## ########     ###     ######  ########
     ##        ##  ##     ## ##       ##     ##  ##   ##  ##       ##
     ######    ##  ########  ######   ########  #########  ######  ######
     ##        ##  ##    ##  ##       ##     ## ##     ##       ## ##
     ##       #### ##     ## ######## ########  ##     ##  ######  ########

You're about to initialize a Firebase project in this directory:

  E:\reactts

[info] 
=== Project Setup
[info] 
[info] First, let's associate this project directory with a Firebase project.
[info] You can create multiple project aliases by running firebase use --add, 
[info] but for now we'll just set up a default project.
[info] 
[debug] [2024-01-26T11:10:52.373Z] >>> [apiv2][query] GET https://firebase.googleapis.com/v1beta1/projects pageSize=100
[debug] [2024-01-26T11:10:59.385Z] <<< [apiv2][status] GET https://firebase.googleapis.com/v1beta1/projects 200
[debug] [2024-01-26T11:10:59.386Z] <<< [apiv2][body] GET https://firebase.googleapis.com/v1beta1/projects [omitted]
[info] i  Using project pehla-react-project (pehla-react-project ) 
[info] 
=== Hosting Setup
[debug] [2024-01-26T11:11:12.759Z] >>> [apiv2][query] GET https://firebase.googleapis.com/v1beta1/projects/pehla-react-project [none]
[debug] [2024-01-26T11:11:13.996Z] <<< [apiv2][status] GET https://firebase.googleapis.com/v1beta1/projects/pehla-react-project 200
[debug] [2024-01-26T11:11:13.996Z] <<< [apiv2][body] GET https://firebase.googleapis.com/v1beta1/projects/pehla-react-project {"projectId":"pehla-react-project","projectNumber":"1011364576520","displayName":"pehla-react-project ","name":"projects/pehla-react-project","resources":{"hostingSite":"pehla-react-project"},"state":"ACTIVE","etag":"1_95170a42-82f9-4ebc-bdc3-716f1239536b"}
[info] 
[info] Your public directory is the folder (relative to your project directory) that
[info] will contain Hosting assets to be uploaded with firebase deploy. If you
[info] have a build process for your assets, use your build's output directory.
[info] 
[info] +  Wrote public/404.html 
[debug] [2024-01-26T11:11:59.565Z] >>> [apiv2][query] GET https://www.gstatic.com/firebasejs/releases.json [none]
[debug] [2024-01-26T11:12:00.099Z] <<< [apiv2][status] GET https://www.gstatic.com/firebasejs/releases.json 200
[debug] [2024-01-26T11:12:00.099Z] <<< [apiv2][body] GET https://www.gstatic.com/firebasejs/releases.json {"current":{"version":"10.7.2","browserURL":"https://www.gstatic.com/firebasejs/10.7.2/firebase.js","packageURL":"https://www.gstatic.com/firebasejs/10.7.2/firebase.tgz"},"live":{"version":"10.7","browserURL":"https://www.gstatic.com/firebasejs/live/10.7/firebase.js","packageURL":"https://www.gstatic.com/firebasejs/live/10.7/firebase.tgz"},"components":{"analytics":"https://www.gstatic.com/firebasejs/10.7.2/firebase-analytics.js","app":"https://www.gstatic.com/firebasejs/10.7.2/firebase-app.js","app-check":"https://www.gstatic.com/firebasejs/10.7.2/firebase-app-check.js","auth":"https://www.gstatic.com/firebasejs/10.7.2/firebase-auth.js","auth/cordova":"https://www.gstatic.com/firebasejs/10.7.2/firebase-auth/cordova.js","functions":"https://www.gstatic.com/firebasejs/10.7.2/firebase-functions.js","firestore":"https://www.gstatic.com/firebasejs/10.7.2/firebase-firestore.js","firestore/lite":"https://www.gstatic.com/firebasejs/10.7.2/firebase-firestore/lite.js","installations":"https://www.gstatic.com/firebasejs/10.7.2/firebase-installations.js","storage":"https://www.gstatic.com/firebasejs/10.7.2/firebase-storage.js","performance":"https://www.gstatic.com/firebasejs/10.7.2/firebase-performance.js","remote-config":"https://www.gstatic.com/firebasejs/10.7.2/firebase-remote-config.js","messaging":"https://www.gstatic.com/firebasejs/10.7.2/firebase-messaging.js","messaging/sw":"https://www.gstatic.com/firebasejs/10.7.2/firebase-messaging/sw.js","database":"https://www.gstatic.com/firebasejs/10.7.2/firebase-database.js","firestore.memory":"https://www.gstatic.com/firebasejs/10.7.2/firebase-firestore.memory.js"}}
[info] i  Skipping write of public/index.html 
[info] 
[info] i  Detected a .git folder at E:\reactts 
[info] i  Authorizing with GitHub to upload your service account to a GitHub repository's secrets store. 
[info] 
[info] Visit this URL on this device to log in:
[info] https://github.com/login/oauth/authorize?client_id=89cf50f02ac6aaed3484&state=982572352&redirect_uri=http%3A%2F%2Flocalhost%3A9005&scope=read%3Auser%20repo%20public_repo
[info] 
[info] Waiting for authentication...
[debug] [2024-01-26T11:12:28.988Z] >>> [apiv2][query] POST https://github.com/login/oauth/access_token [none]
[debug] [2024-01-26T11:12:28.988Z] >>> [apiv2][body] POST https://github.com/login/oauth/access_token [stream]
[debug] [2024-01-26T11:12:29.642Z] <<< [apiv2][status] POST https://github.com/login/oauth/access_token 200
[debug] [2024-01-26T11:12:29.642Z] <<< [apiv2][body] POST https://github.com/login/oauth/access_token {"access_token":"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","token_type":"bearer","scope":"read:user,repo"}
[debug] [2024-01-26T11:12:29.654Z] >>> [apiv2][query] GET https://api.github.com/user [none]
[debug] [2024-01-26T11:12:30.269Z] <<< [apiv2][status] GET https://api.github.com/user 200
[debug] [2024-01-26T11:12:30.269Z] <<< [apiv2][body] GET https://api.github.com/user {"login":"heavycoderprem","id":136192975,"node_id":"U_kgDOCB4jzw","avatar_url":"https://avatars.githubusercontent.com/u/136192975?v=4","gravatar_id":"","url":"https://api.github.com/users/heavycoderprem","html_url":"https://github.com/heavycoderprem","followers_url":"https://api.github.com/users/heavycoderprem/followers","following_url":"https://api.github.com/users/heavycoderprem/following{/other_user}","gists_url":"https://api.github.com/users/heavycoderprem/gists{/gist_id}","starred_url":"https://api.github.com/users/heavycoderprem/starred{/owner}{/repo}","subscriptions_url":"https://api.github.com/users/heavycoderprem/subscriptions","organizations_url":"https://api.github.com/users/heavycoderprem/orgs","repos_url":"https://api.github.com/users/heavycoderprem/repos","events_url":"https://api.github.com/users/heavycoderprem/events{/privacy}","received_events_url":"https://api.github.com/users/heavycoderprem/received_events","type":"User","site_admin":false,"name":null,"company":null,"blog":"","location":null,"email":null,"hireable":null,"bio":null,"twitter_username":null,"public_repos":10,"public_gists":0,"followers":0,"following":0,"created_at":"2023-06-10T18:16:58Z","updated_at":"2024-01-26T11:12:24Z","private_gists":0,"total_private_repos":0,"owned_private_repos":0,"disk_usage":34703,"collaborators":0,"two_factor_authentication":false,"plan":{"name":"free","space":976562499,"collaborators":0,"private_repos":10000}}
[info] 
[info] +  Success! Logged into GitHub as heavycoderprem 
[info] 
